  [1m[36m (152.3ms)[0m  [1mCREATE TABLE "schema_migrations" ("version" varchar NOT NULL) [0m
  [1m[35m (0.1ms)[0m  select sqlite_version(*)
  [1m[36m (133.0ms)[0m  [1mCREATE UNIQUE INDEX "unique_schema_migrations" ON "schema_migrations" ("version")[0m
  [1m[35mActiveRecord::SchemaMigration Load (0.1ms)[0m  SELECT "schema_migrations".* FROM "schema_migrations"
Migrating to DeviseCreateUsers (20150706084743)
  [1m[36m (0.1ms)[0m  [1mbegin transaction[0m
  [1m[35m (0.3ms)[0m  CREATE TABLE "users" ("id" INTEGER PRIMARY KEY AUTOINCREMENT NOT NULL, "email" varchar DEFAULT '' NOT NULL, "encrypted_password" varchar DEFAULT '' NOT NULL, "reset_password_token" varchar, "reset_password_sent_at" datetime, "remember_created_at" datetime, "sign_in_count" integer DEFAULT 0 NOT NULL, "current_sign_in_at" datetime, "last_sign_in_at" datetime, "current_sign_in_ip" varchar, "last_sign_in_ip" varchar, "created_at" datetime NOT NULL, "updated_at" datetime NOT NULL) 
  [1m[36m (0.2ms)[0m  [1mCREATE UNIQUE INDEX "index_users_on_email" ON "users" ("email")[0m
  [1m[35m (0.1ms)[0m              SELECT sql
            FROM sqlite_master
            WHERE name='index_users_on_email' AND type='index'
            UNION ALL
            SELECT sql
            FROM sqlite_temp_master
            WHERE name='index_users_on_email' AND type='index'

  [1m[36m (0.1ms)[0m  [1mCREATE UNIQUE INDEX "index_users_on_reset_password_token" ON "users" ("reset_password_token")[0m
  [1m[35mSQL (0.1ms)[0m  INSERT INTO "schema_migrations" ("version") VALUES (?)  [["version", "20150706084743"]]
  [1m[36m (123.8ms)[0m  [1mcommit transaction[0m
Migrating to AddDetailsToUser (20150706085311)
  [1m[35m (0.1ms)[0m  begin transaction
  [1m[36m (0.5ms)[0m  [1mALTER TABLE "users" ADD "name" varchar[0m
  [1m[35m (0.3ms)[0m  ALTER TABLE "users" ADD "phone_no" varchar
  [1m[36m (0.3ms)[0m  [1mALTER TABLE "users" ADD "date_of_birth" varchar[0m
  [1m[35m (0.2ms)[0m  ALTER TABLE "users" ADD "role" varchar
  [1m[36mSQL (0.1ms)[0m  [1mINSERT INTO "schema_migrations" ("version") VALUES (?)[0m  [["version", "20150706085311"]]
  [1m[35m (107.3ms)[0m  commit transaction
Migrating to RemoveDateOfBirthFromUser (20150706091937)
  [1m[36m (0.1ms)[0m  [1mbegin transaction[0m
  [1m[35m (0.3ms)[0m  CREATE TEMPORARY TABLE "ausers" ("id" INTEGER PRIMARY KEY AUTOINCREMENT NOT NULL, "email" varchar DEFAULT '' NOT NULL, "encrypted_password" varchar DEFAULT '' NOT NULL, "reset_password_token" varchar, "reset_password_sent_at" datetime, "remember_created_at" datetime, "sign_in_count" integer DEFAULT 0 NOT NULL, "current_sign_in_at" datetime, "last_sign_in_at" datetime, "current_sign_in_ip" varchar, "last_sign_in_ip" varchar, "created_at" datetime NOT NULL, "updated_at" datetime NOT NULL, "name" varchar, "phone_no" varchar, "date_of_birth" varchar, "role" varchar) 
  [1m[36m (0.1ms)[0m  [1m            SELECT sql
            FROM sqlite_master
            WHERE name='index_users_on_reset_password_token' AND type='index'
            UNION ALL
            SELECT sql
            FROM sqlite_temp_master
            WHERE name='index_users_on_reset_password_token' AND type='index'
[0m
  [1m[35m (0.1ms)[0m              SELECT sql
            FROM sqlite_master
            WHERE name='index_users_on_email' AND type='index'
            UNION ALL
            SELECT sql
            FROM sqlite_temp_master
            WHERE name='index_users_on_email' AND type='index'

  [1m[36m (0.2ms)[0m  [1mCREATE UNIQUE INDEX "tindex_ausers_on_reset_password_token" ON "ausers" ("reset_password_token")[0m
  [1m[35m (0.1ms)[0m  CREATE UNIQUE INDEX "tindex_ausers_on_email" ON "ausers" ("email")
  [1m[36m (0.1ms)[0m  [1mSELECT * FROM "users"[0m
  [1m[35m (0.2ms)[0m  DROP TABLE "users"
  [1m[36m (0.2ms)[0m  [1mCREATE TABLE "users" ("id" INTEGER PRIMARY KEY AUTOINCREMENT NOT NULL, "email" varchar DEFAULT '' NOT NULL, "encrypted_password" varchar DEFAULT '' NOT NULL, "reset_password_token" varchar, "reset_password_sent_at" datetime, "remember_created_at" datetime, "sign_in_count" integer DEFAULT 0 NOT NULL, "current_sign_in_at" datetime, "last_sign_in_at" datetime, "current_sign_in_ip" varchar, "last_sign_in_ip" varchar, "created_at" datetime NOT NULL, "updated_at" datetime NOT NULL, "name" varchar, "phone_no" varchar, "role" varchar) [0m
  [1m[35m (0.1ms)[0m              SELECT sql
            FROM sqlite_master
            WHERE name='tindex_ausers_on_email' AND type='index'
            UNION ALL
            SELECT sql
            FROM sqlite_temp_master
            WHERE name='tindex_ausers_on_email' AND type='index'

  [1m[36m (0.1ms)[0m  [1m            SELECT sql
            FROM sqlite_master
            WHERE name='tindex_ausers_on_reset_password_token' AND type='index'
            UNION ALL
            SELECT sql
            FROM sqlite_temp_master
            WHERE name='tindex_ausers_on_reset_password_token' AND type='index'
[0m
  [1m[35m (0.2ms)[0m  CREATE UNIQUE INDEX "index_users_on_email" ON "users" ("email")
  [1m[36m (0.1ms)[0m  [1m            SELECT sql
            FROM sqlite_master
            WHERE name='index_users_on_email' AND type='index'
            UNION ALL
            SELECT sql
            FROM sqlite_temp_master
            WHERE name='index_users_on_email' AND type='index'
[0m
  [1m[35m (0.1ms)[0m  CREATE UNIQUE INDEX "index_users_on_reset_password_token" ON "users" ("reset_password_token")
  [1m[36m (0.1ms)[0m  [1mSELECT * FROM "ausers"[0m
  [1m[35m (0.2ms)[0m  DROP TABLE "ausers"
  [1m[36mSQL (0.1ms)[0m  [1mINSERT INTO "schema_migrations" ("version") VALUES (?)[0m  [["version", "20150706091937"]]
  [1m[35m (113.9ms)[0m  commit transaction
Migrating to AddDateOfBirthToUser (20150706092015)
  [1m[36m (0.1ms)[0m  [1mbegin transaction[0m
  [1m[35m (0.4ms)[0m  ALTER TABLE "users" ADD "date_of_birth" datetime
  [1m[36mSQL (0.1ms)[0m  [1mINSERT INTO "schema_migrations" ("version") VALUES (?)[0m  [["version", "20150706092015"]]
  [1m[35m (222.0ms)[0m  commit transaction
Migrating to RemoveRoleFromUser (20150706121538)
  [1m[36m (0.1ms)[0m  [1mbegin transaction[0m
  [1m[35m (0.3ms)[0m  CREATE TEMPORARY TABLE "ausers" ("id" INTEGER PRIMARY KEY AUTOINCREMENT NOT NULL, "email" varchar DEFAULT '' NOT NULL, "encrypted_password" varchar DEFAULT '' NOT NULL, "reset_password_token" varchar, "reset_password_sent_at" datetime, "remember_created_at" datetime, "sign_in_count" integer DEFAULT 0 NOT NULL, "current_sign_in_at" datetime, "last_sign_in_at" datetime, "current_sign_in_ip" varchar, "last_sign_in_ip" varchar, "created_at" datetime NOT NULL, "updated_at" datetime NOT NULL, "name" varchar, "phone_no" varchar, "role" varchar, "date_of_birth" datetime) 
  [1m[36m (0.1ms)[0m  [1m            SELECT sql
            FROM sqlite_master
            WHERE name='index_users_on_reset_password_token' AND type='index'
            UNION ALL
            SELECT sql
            FROM sqlite_temp_master
            WHERE name='index_users_on_reset_password_token' AND type='index'
[0m
  [1m[35m (0.1ms)[0m              SELECT sql
            FROM sqlite_master
            WHERE name='index_users_on_email' AND type='index'
            UNION ALL
            SELECT sql
            FROM sqlite_temp_master
            WHERE name='index_users_on_email' AND type='index'

  [1m[36m (0.2ms)[0m  [1mCREATE UNIQUE INDEX "tindex_ausers_on_reset_password_token" ON "ausers" ("reset_password_token")[0m
  [1m[35m (0.2ms)[0m  CREATE UNIQUE INDEX "tindex_ausers_on_email" ON "ausers" ("email")
  [1m[36m (0.2ms)[0m  [1mSELECT * FROM "users"[0m
  [1m[35m (0.3ms)[0m  DROP TABLE "users"
  [1m[36m (0.3ms)[0m  [1mCREATE TABLE "users" ("id" INTEGER PRIMARY KEY AUTOINCREMENT NOT NULL, "email" varchar DEFAULT '' NOT NULL, "encrypted_password" varchar DEFAULT '' NOT NULL, "reset_password_token" varchar, "reset_password_sent_at" datetime, "remember_created_at" datetime, "sign_in_count" integer DEFAULT 0 NOT NULL, "current_sign_in_at" datetime, "last_sign_in_at" datetime, "current_sign_in_ip" varchar, "last_sign_in_ip" varchar, "created_at" datetime NOT NULL, "updated_at" datetime NOT NULL, "name" varchar, "phone_no" varchar, "date_of_birth" datetime) [0m
  [1m[35m (0.1ms)[0m              SELECT sql
            FROM sqlite_master
            WHERE name='tindex_ausers_on_email' AND type='index'
            UNION ALL
            SELECT sql
            FROM sqlite_temp_master
            WHERE name='tindex_ausers_on_email' AND type='index'

  [1m[36m (0.1ms)[0m  [1m            SELECT sql
            FROM sqlite_master
            WHERE name='tindex_ausers_on_reset_password_token' AND type='index'
            UNION ALL
            SELECT sql
            FROM sqlite_temp_master
            WHERE name='tindex_ausers_on_reset_password_token' AND type='index'
[0m
  [1m[35m (0.3ms)[0m  CREATE UNIQUE INDEX "index_users_on_email" ON "users" ("email")
  [1m[36m (0.1ms)[0m  [1m            SELECT sql
            FROM sqlite_master
            WHERE name='index_users_on_email' AND type='index'
            UNION ALL
            SELECT sql
            FROM sqlite_temp_master
            WHERE name='index_users_on_email' AND type='index'
[0m
  [1m[35m (0.2ms)[0m  CREATE UNIQUE INDEX "index_users_on_reset_password_token" ON "users" ("reset_password_token")
  [1m[36m (0.2ms)[0m  [1mSELECT * FROM "ausers"[0m
  [1m[35m (0.2ms)[0m  DROP TABLE "ausers"
  [1m[36mSQL (0.1ms)[0m  [1mINSERT INTO "schema_migrations" ("version") VALUES (?)[0m  [["version", "20150706121538"]]
  [1m[35m (108.2ms)[0m  commit transaction
Migrating to AddRoleToUser (20150706121929)
  [1m[36m (0.1ms)[0m  [1mbegin transaction[0m
  [1m[35m (0.5ms)[0m  ALTER TABLE "users" ADD "role" integer DEFAULT 0
  [1m[36mSQL (0.1ms)[0m  [1mINSERT INTO "schema_migrations" ("version") VALUES (?)[0m  [["version", "20150706121929"]]
  [1m[35m (108.8ms)[0m  commit transaction
Migrating to CreateCourses (20150706134433)
  [1m[36m (0.1ms)[0m  [1mbegin transaction[0m
  [1m[35m (0.5ms)[0m  CREATE TABLE "courses" ("id" INTEGER PRIMARY KEY AUTOINCREMENT NOT NULL, "name" varchar, "description" text, "category" varchar, "grade" varchar, "user_id" integer, "created_at" datetime NOT NULL, "updated_at" datetime NOT NULL) 
  [1m[36m (0.3ms)[0m  [1mCREATE  INDEX "index_courses_on_user_id" ON "courses" ("user_id")[0m
  [1m[35mSQL (0.2ms)[0m  INSERT INTO "schema_migrations" ("version") VALUES (?)  [["version", "20150706134433"]]
  [1m[36m (129.3ms)[0m  [1mcommit transaction[0m
Migrating to CreateMailboxer (20150706180809)
  [1m[35m (0.2ms)[0m  begin transaction
  [1m[36m (0.7ms)[0m  [1mCREATE TABLE "mailboxer_conversations" ("id" INTEGER PRIMARY KEY AUTOINCREMENT NOT NULL, "subject" varchar DEFAULT '', "created_at" datetime NOT NULL, "updated_at" datetime NOT NULL) [0m
  [1m[35m (0.5ms)[0m  CREATE TABLE "mailboxer_receipts" ("id" INTEGER PRIMARY KEY AUTOINCREMENT NOT NULL, "receiver_id" integer, "receiver_type" varchar, "notification_id" integer NOT NULL, "is_read" boolean DEFAULT 'f', "trashed" boolean DEFAULT 'f', "deleted" boolean DEFAULT 'f', "mailbox_type" varchar(25), "created_at" datetime NOT NULL, "updated_at" datetime NOT NULL) 
  [1m[36m (0.5ms)[0m  [1mCREATE TABLE "mailboxer_notifications" ("id" INTEGER PRIMARY KEY AUTOINCREMENT NOT NULL, "type" varchar, "body" text, "subject" varchar DEFAULT '', "sender_id" integer, "sender_type" varchar, "conversation_id" integer, "draft" boolean DEFAULT 'f', "notification_code" varchar, "notified_object_id" integer, "notified_object_type" varchar, "attachment" varchar, "updated_at" datetime NOT NULL, "created_at" datetime NOT NULL, "global" boolean DEFAULT 'f', "expires" datetime) [0m
  [1m[35m (0.4ms)[0m  CREATE  INDEX "index_mailboxer_receipts_on_notification_id" ON "mailboxer_receipts" ("notification_id")
  [1m[36m (0.4ms)[0m  [1mCREATE  INDEX "index_mailboxer_notifications_on_conversation_id" ON "mailboxer_notifications" ("conversation_id")[0m
  [1m[35mSQL (0.3ms)[0m  INSERT INTO "schema_migrations" ("version") VALUES (?)  [["version", "20150706180809"]]
  [1m[36m (110.6ms)[0m  [1mcommit transaction[0m
Migrating to AddConversationOptout (20150706180810)
  [1m[35m (0.2ms)[0m  begin transaction
  [1m[36m (0.7ms)[0m  [1mCREATE TABLE "mailboxer_conversation_opt_outs" ("id" INTEGER PRIMARY KEY AUTOINCREMENT NOT NULL, "unsubscriber_id" integer, "unsubscriber_type" varchar, "conversation_id" integer) [0m
  [1m[35mSQL (0.3ms)[0m  INSERT INTO "schema_migrations" ("version") VALUES (?)  [["version", "20150706180810"]]
  [1m[36m (116.9ms)[0m  [1mcommit transaction[0m
Migrating to AddMissingIndices (20150706180811)
  [1m[35m (0.1ms)[0m  begin transaction
  [1m[36m (0.3ms)[0m  [1mCREATE  INDEX "index_mailboxer_conversation_opt_outs_on_unsubscriber_id_type" ON "mailboxer_conversation_opt_outs" ("unsubscriber_id", "unsubscriber_type")[0m
  [1m[35m (0.1ms)[0m              SELECT sql
            FROM sqlite_master
            WHERE name='index_mailboxer_conversation_opt_outs_on_unsubscriber_id_type' AND type='index'
            UNION ALL
            SELECT sql
            FROM sqlite_temp_master
            WHERE name='index_mailboxer_conversation_opt_outs_on_unsubscriber_id_type' AND type='index'

  [1m[36m (0.2ms)[0m  [1mCREATE  INDEX "index_mailboxer_conversation_opt_outs_on_conversation_id" ON "mailboxer_conversation_opt_outs" ("conversation_id")[0m
  [1m[35m (0.1ms)[0m              SELECT sql
            FROM sqlite_master
            WHERE name='index_mailboxer_notifications_on_conversation_id' AND type='index'
            UNION ALL
            SELECT sql
            FROM sqlite_temp_master
            WHERE name='index_mailboxer_notifications_on_conversation_id' AND type='index'

  [1m[36m (0.1ms)[0m  [1mCREATE  INDEX "index_mailboxer_notifications_on_type" ON "mailboxer_notifications" ("type")[0m
  [1m[35m (0.1ms)[0m              SELECT sql
            FROM sqlite_master
            WHERE name='index_mailboxer_notifications_on_type' AND type='index'
            UNION ALL
            SELECT sql
            FROM sqlite_temp_master
            WHERE name='index_mailboxer_notifications_on_type' AND type='index'

  [1m[36m (0.1ms)[0m  [1m            SELECT sql
            FROM sqlite_master
            WHERE name='index_mailboxer_notifications_on_conversation_id' AND type='index'
            UNION ALL
            SELECT sql
            FROM sqlite_temp_master
            WHERE name='index_mailboxer_notifications_on_conversation_id' AND type='index'
[0m
  [1m[35m (0.1ms)[0m  CREATE  INDEX "index_mailboxer_notifications_on_sender_id_and_sender_type" ON "mailboxer_notifications" ("sender_id", "sender_type")
  [1m[36m (0.1ms)[0m  [1m            SELECT sql
            FROM sqlite_master
            WHERE name='index_mailboxer_notifications_on_sender_id_and_sender_type' AND type='index'
            UNION ALL
            SELECT sql
            FROM sqlite_temp_master
            WHERE name='index_mailboxer_notifications_on_sender_id_and_sender_type' AND type='index'
[0m
  [1m[35m (0.1ms)[0m              SELECT sql
            FROM sqlite_master
            WHERE name='index_mailboxer_notifications_on_type' AND type='index'
            UNION ALL
            SELECT sql
            FROM sqlite_temp_master
            WHERE name='index_mailboxer_notifications_on_type' AND type='index'

  [1m[36m (0.1ms)[0m  [1m            SELECT sql
            FROM sqlite_master
            WHERE name='index_mailboxer_notifications_on_conversation_id' AND type='index'
            UNION ALL
            SELECT sql
            FROM sqlite_temp_master
            WHERE name='index_mailboxer_notifications_on_conversation_id' AND type='index'
[0m
  [1m[35m (0.1ms)[0m  CREATE  INDEX "index_mailboxer_notifications_on_notified_object_id_and_type" ON "mailboxer_notifications" ("notified_object_id", "notified_object_type")
  [1m[36m (0.1ms)[0m  [1m            SELECT sql
            FROM sqlite_master
            WHERE name='index_mailboxer_receipts_on_notification_id' AND type='index'
            UNION ALL
            SELECT sql
            FROM sqlite_temp_master
            WHERE name='index_mailboxer_receipts_on_notification_id' AND type='index'
[0m
  [1m[35m (0.1ms)[0m  CREATE  INDEX "index_mailboxer_receipts_on_receiver_id_and_receiver_type" ON "mailboxer_receipts" ("receiver_id", "receiver_type")
  [1m[36mSQL (0.1ms)[0m  [1mINSERT INTO "schema_migrations" ("version") VALUES (?)[0m  [["version", "20150706180811"]]
  [1m[35m (140.6ms)[0m  commit transaction
Migrating to CreateVideos (20150706213456)
  [1m[36m (0.1ms)[0m  [1mbegin transaction[0m
  [1m[35m (0.3ms)[0m  CREATE TABLE "videos" ("id" INTEGER PRIMARY KEY AUTOINCREMENT NOT NULL, "title" varchar, "description" text, "length" varchar, "course_id" integer, "created_at" datetime NOT NULL, "updated_at" datetime NOT NULL) 
  [1m[36m (0.1ms)[0m  [1mCREATE  INDEX "index_videos_on_course_id" ON "videos" ("course_id")[0m
  [1m[35mSQL (0.1ms)[0m  INSERT INTO "schema_migrations" ("version") VALUES (?)  [["version", "20150706213456"]]
  [1m[36m (119.8ms)[0m  [1mcommit transaction[0m
Migrating to AddUrlToVideo (20150706215428)
  [1m[35m (0.1ms)[0m  begin transaction
  [1m[36m (0.4ms)[0m  [1mALTER TABLE "videos" ADD "url" varchar[0m
  [1m[35mSQL (0.1ms)[0m  INSERT INTO "schema_migrations" ("version") VALUES (?)  [["version", "20150706215428"]]
  [1m[36m (131.7ms)[0m  [1mcommit transaction[0m
Migrating to CreateDocuments (20150707094121)
  [1m[35m (0.1ms)[0m  begin transaction
  [1m[36m (0.4ms)[0m  [1mCREATE TABLE "documents" ("id" INTEGER PRIMARY KEY AUTOINCREMENT NOT NULL, "title" varchar, "description" text, "file_file_name" varchar, "file_content_type" varchar, "file_file_size" integer, "file_updated_at" datetime, "course_id" integer, "created_at" datetime NOT NULL, "updated_at" datetime NOT NULL) [0m
  [1m[35m (0.1ms)[0m  CREATE  INDEX "index_documents_on_course_id" ON "documents" ("course_id")
  [1m[36mSQL (0.1ms)[0m  [1mINSERT INTO "schema_migrations" ("version") VALUES (?)[0m  [["version", "20150707094121"]]
  [1m[35m (137.0ms)[0m  commit transaction
Migrating to AddColumnToDocuments (20150708124853)
  [1m[36m (0.1ms)[0m  [1mbegin transaction[0m
  [1m[35m (0.4ms)[0m  ALTER TABLE "documents" ADD "upload" varchar
  [1m[36mSQL (0.1ms)[0m  [1mINSERT INTO "schema_migrations" ("version") VALUES (?)[0m  [["version", "20150708124853"]]
  [1m[35m (136.7ms)[0m  commit transaction
Migrating to ChangeColumnName (20150708133124)
  [1m[36m (0.1ms)[0m  [1mbegin transaction[0m
  [1m[35m (0.2ms)[0m  CREATE TEMPORARY TABLE "adocuments" ("id" INTEGER PRIMARY KEY AUTOINCREMENT NOT NULL, "title" varchar, "description" text, "upload_file_name" varchar, "file_content_type" varchar, "file_file_size" integer, "file_updated_at" datetime, "course_id" integer, "created_at" datetime NOT NULL, "updated_at" datetime NOT NULL, "upload" varchar) 
  [1m[36m (0.1ms)[0m  [1m            SELECT sql
            FROM sqlite_master
            WHERE name='index_documents_on_course_id' AND type='index'
            UNION ALL
            SELECT sql
            FROM sqlite_temp_master
            WHERE name='index_documents_on_course_id' AND type='index'
[0m
  [1m[35m (0.1ms)[0m  CREATE  INDEX "tindex_adocuments_on_course_id" ON "adocuments" ("course_id")
  [1m[36m (0.1ms)[0m  [1mSELECT * FROM "documents"[0m
  [1m[35m (0.2ms)[0m  DROP TABLE "documents"
  [1m[36m (0.1ms)[0m  [1mCREATE TABLE "documents" ("id" INTEGER PRIMARY KEY AUTOINCREMENT NOT NULL, "title" varchar, "description" text, "upload_file_name" varchar, "file_content_type" varchar, "file_file_size" integer, "file_updated_at" datetime, "course_id" integer, "created_at" datetime NOT NULL, "updated_at" datetime NOT NULL, "upload" varchar) [0m
  [1m[35m (0.1ms)[0m              SELECT sql
            FROM sqlite_master
            WHERE name='tindex_adocuments_on_course_id' AND type='index'
            UNION ALL
            SELECT sql
            FROM sqlite_temp_master
            WHERE name='tindex_adocuments_on_course_id' AND type='index'

  [1m[36m (0.1ms)[0m  [1mCREATE  INDEX "index_documents_on_course_id" ON "documents" ("course_id")[0m
  [1m[35m (0.1ms)[0m  SELECT * FROM "adocuments"
  [1m[36m (0.1ms)[0m  [1mDROP TABLE "adocuments"[0m
  [1m[35m (0.1ms)[0m              SELECT sql
            FROM sqlite_master
            WHERE name='index_documents_on_course_id' AND type='index'
            UNION ALL
            SELECT sql
            FROM sqlite_temp_master
            WHERE name='index_documents_on_course_id' AND type='index'

  [1m[36m (0.1ms)[0m  [1mCREATE TEMPORARY TABLE "adocuments" ("id" INTEGER PRIMARY KEY AUTOINCREMENT NOT NULL, "title" varchar, "description" text, "upload_file_name" varchar, "upload_content_type" varchar, "file_file_size" integer, "file_updated_at" datetime, "course_id" integer, "created_at" datetime NOT NULL, "updated_at" datetime NOT NULL, "upload" varchar) [0m
  [1m[35m (0.1ms)[0m              SELECT sql
            FROM sqlite_master
            WHERE name='index_documents_on_course_id' AND type='index'
            UNION ALL
            SELECT sql
            FROM sqlite_temp_master
            WHERE name='index_documents_on_course_id' AND type='index'

  [1m[36m (0.1ms)[0m  [1mCREATE  INDEX "tindex_adocuments_on_course_id" ON "adocuments" ("course_id")[0m
  [1m[35m (0.1ms)[0m  SELECT * FROM "documents"
  [1m[36m (0.2ms)[0m  [1mDROP TABLE "documents"[0m
  [1m[35m (0.1ms)[0m  CREATE TABLE "documents" ("id" INTEGER PRIMARY KEY AUTOINCREMENT NOT NULL, "title" varchar, "description" text, "upload_file_name" varchar, "upload_content_type" varchar, "file_file_size" integer, "file_updated_at" datetime, "course_id" integer, "created_at" datetime NOT NULL, "updated_at" datetime NOT NULL, "upload" varchar) 
  [1m[36m (0.1ms)[0m  [1m            SELECT sql
            FROM sqlite_master
            WHERE name='tindex_adocuments_on_course_id' AND type='index'
            UNION ALL
            SELECT sql
            FROM sqlite_temp_master
            WHERE name='tindex_adocuments_on_course_id' AND type='index'
[0m
  [1m[35m (0.1ms)[0m  CREATE  INDEX "index_documents_on_course_id" ON "documents" ("course_id")
  [1m[36m (0.1ms)[0m  [1mSELECT * FROM "adocuments"[0m
  [1m[35m (0.1ms)[0m  DROP TABLE "adocuments"
  [1m[36m (0.1ms)[0m  [1m            SELECT sql
            FROM sqlite_master
            WHERE name='index_documents_on_course_id' AND type='index'
            UNION ALL
            SELECT sql
            FROM sqlite_temp_master
            WHERE name='index_documents_on_course_id' AND type='index'
[0m
  [1m[35m (0.1ms)[0m  CREATE TEMPORARY TABLE "adocuments" ("id" INTEGER PRIMARY KEY AUTOINCREMENT NOT NULL, "title" varchar, "description" text, "upload_file_name" varchar, "upload_content_type" varchar, "upload_file_size" integer, "file_updated_at" datetime, "course_id" integer, "created_at" datetime NOT NULL, "updated_at" datetime NOT NULL, "upload" varchar) 
  [1m[36m (0.1ms)[0m  [1m            SELECT sql
            FROM sqlite_master
            WHERE name='index_documents_on_course_id' AND type='index'
            UNION ALL
            SELECT sql
            FROM sqlite_temp_master
            WHERE name='index_documents_on_course_id' AND type='index'
[0m
  [1m[35m (0.1ms)[0m  CREATE  INDEX "tindex_adocuments_on_course_id" ON "adocuments" ("course_id")
  [1m[36m (0.1ms)[0m  [1mSELECT * FROM "documents"[0m
  [1m[35m (0.1ms)[0m  DROP TABLE "documents"
  [1m[36m (0.1ms)[0m  [1mCREATE TABLE "documents" ("id" INTEGER PRIMARY KEY AUTOINCREMENT NOT NULL, "title" varchar, "description" text, "upload_file_name" varchar, "upload_content_type" varchar, "upload_file_size" integer, "file_updated_at" datetime, "course_id" integer, "created_at" datetime NOT NULL, "updated_at" datetime NOT NULL, "upload" varchar) [0m
  [1m[35m (0.1ms)[0m              SELECT sql
            FROM sqlite_master
            WHERE name='tindex_adocuments_on_course_id' AND type='index'
            UNION ALL
            SELECT sql
            FROM sqlite_temp_master
            WHERE name='tindex_adocuments_on_course_id' AND type='index'

  [1m[36m (0.2ms)[0m  [1mCREATE  INDEX "index_documents_on_course_id" ON "documents" ("course_id")[0m
  [1m[35m (0.1ms)[0m  SELECT * FROM "adocuments"
  [1m[36m (0.1ms)[0m  [1mDROP TABLE "adocuments"[0m
  [1m[35m (0.1ms)[0m              SELECT sql
            FROM sqlite_master
            WHERE name='index_documents_on_course_id' AND type='index'
            UNION ALL
            SELECT sql
            FROM sqlite_temp_master
            WHERE name='index_documents_on_course_id' AND type='index'

  [1m[36m (0.2ms)[0m  [1mCREATE TEMPORARY TABLE "adocuments" ("id" INTEGER PRIMARY KEY AUTOINCREMENT NOT NULL, "title" varchar, "description" text, "upload_file_name" varchar, "upload_content_type" varchar, "upload_file_size" integer, "upload_updated_at" datetime, "course_id" integer, "created_at" datetime NOT NULL, "updated_at" datetime NOT NULL, "upload" varchar) [0m
  [1m[35m (0.1ms)[0m              SELECT sql
            FROM sqlite_master
            WHERE name='index_documents_on_course_id' AND type='index'
            UNION ALL
            SELECT sql
            FROM sqlite_temp_master
            WHERE name='index_documents_on_course_id' AND type='index'

  [1m[36m (0.1ms)[0m  [1mCREATE  INDEX "tindex_adocuments_on_course_id" ON "adocuments" ("course_id")[0m
  [1m[35m (0.1ms)[0m  SELECT * FROM "documents"
  [1m[36m (0.1ms)[0m  [1mDROP TABLE "documents"[0m
  [1m[35m (0.1ms)[0m  CREATE TABLE "documents" ("id" INTEGER PRIMARY KEY AUTOINCREMENT NOT NULL, "title" varchar, "description" text, "upload_file_name" varchar, "upload_content_type" varchar, "upload_file_size" integer, "upload_updated_at" datetime, "course_id" integer, "created_at" datetime NOT NULL, "updated_at" datetime NOT NULL, "upload" varchar) 
  [1m[36m (0.1ms)[0m  [1m            SELECT sql
            FROM sqlite_master
            WHERE name='tindex_adocuments_on_course_id' AND type='index'
            UNION ALL
            SELECT sql
            FROM sqlite_temp_master
            WHERE name='tindex_adocuments_on_course_id' AND type='index'
[0m
  [1m[35m (0.1ms)[0m  CREATE  INDEX "index_documents_on_course_id" ON "documents" ("course_id")
  [1m[36m (0.1ms)[0m  [1mSELECT * FROM "adocuments"[0m
  [1m[35m (0.1ms)[0m  DROP TABLE "adocuments"
  [1m[36m (0.1ms)[0m  [1m            SELECT sql
            FROM sqlite_master
            WHERE name='index_documents_on_course_id' AND type='index'
            UNION ALL
            SELECT sql
            FROM sqlite_temp_master
            WHERE name='index_documents_on_course_id' AND type='index'
[0m
  [1m[35mSQL (0.1ms)[0m  INSERT INTO "schema_migrations" ("version") VALUES (?)  [["version", "20150708133124"]]
  [1m[36m (136.0ms)[0m  [1mcommit transaction[0m
  [1m[35mActiveRecord::SchemaMigration Load (0.2ms)[0m  SELECT "schema_migrations".* FROM "schema_migrations"
  [1m[36m (0.2ms)[0m  [1m            SELECT sql
            FROM sqlite_master
            WHERE name='index_courses_on_user_id' AND type='index'
            UNION ALL
            SELECT sql
            FROM sqlite_temp_master
            WHERE name='index_courses_on_user_id' AND type='index'
[0m
  [1m[35m (0.2ms)[0m              SELECT sql
            FROM sqlite_master
            WHERE name='index_documents_on_course_id' AND type='index'
            UNION ALL
            SELECT sql
            FROM sqlite_temp_master
            WHERE name='index_documents_on_course_id' AND type='index'

  [1m[36m (0.2ms)[0m  [1m            SELECT sql
            FROM sqlite_master
            WHERE name='index_mailboxer_conversation_opt_outs_on_conversation_id' AND type='index'
            UNION ALL
            SELECT sql
            FROM sqlite_temp_master
            WHERE name='index_mailboxer_conversation_opt_outs_on_conversation_id' AND type='index'
[0m
  [1m[35m (0.2ms)[0m              SELECT sql
            FROM sqlite_master
            WHERE name='index_mailboxer_conversation_opt_outs_on_unsubscriber_id_type' AND type='index'
            UNION ALL
            SELECT sql
            FROM sqlite_temp_master
            WHERE name='index_mailboxer_conversation_opt_outs_on_unsubscriber_id_type' AND type='index'

  [1m[36m (0.2ms)[0m  [1m            SELECT sql
            FROM sqlite_master
            WHERE name='index_mailboxer_notifications_on_notified_object_id_and_type' AND type='index'
            UNION ALL
            SELECT sql
            FROM sqlite_temp_master
            WHERE name='index_mailboxer_notifications_on_notified_object_id_and_type' AND type='index'
[0m
  [1m[35m (0.2ms)[0m              SELECT sql
            FROM sqlite_master
            WHERE name='index_mailboxer_notifications_on_sender_id_and_sender_type' AND type='index'
            UNION ALL
            SELECT sql
            FROM sqlite_temp_master
            WHERE name='index_mailboxer_notifications_on_sender_id_and_sender_type' AND type='index'

  [1m[36m (0.2ms)[0m  [1m            SELECT sql
            FROM sqlite_master
            WHERE name='index_mailboxer_notifications_on_type' AND type='index'
            UNION ALL
            SELECT sql
            FROM sqlite_temp_master
            WHERE name='index_mailboxer_notifications_on_type' AND type='index'
[0m
  [1m[35m (0.2ms)[0m              SELECT sql
            FROM sqlite_master
            WHERE name='index_mailboxer_notifications_on_conversation_id' AND type='index'
            UNION ALL
            SELECT sql
            FROM sqlite_temp_master
            WHERE name='index_mailboxer_notifications_on_conversation_id' AND type='index'

  [1m[36m (0.2ms)[0m  [1m            SELECT sql
            FROM sqlite_master
            WHERE name='index_mailboxer_receipts_on_receiver_id_and_receiver_type' AND type='index'
            UNION ALL
            SELECT sql
            FROM sqlite_temp_master
            WHERE name='index_mailboxer_receipts_on_receiver_id_and_receiver_type' AND type='index'
[0m
  [1m[35m (0.2ms)[0m              SELECT sql
            FROM sqlite_master
            WHERE name='index_mailboxer_receipts_on_notification_id' AND type='index'
            UNION ALL
            SELECT sql
            FROM sqlite_temp_master
            WHERE name='index_mailboxer_receipts_on_notification_id' AND type='index'

  [1m[36m (0.2ms)[0m  [1m            SELECT sql
            FROM sqlite_master
            WHERE name='index_users_on_reset_password_token' AND type='index'
            UNION ALL
            SELECT sql
            FROM sqlite_temp_master
            WHERE name='index_users_on_reset_password_token' AND type='index'
[0m
  [1m[35m (0.2ms)[0m              SELECT sql
            FROM sqlite_master
            WHERE name='index_users_on_email' AND type='index'
            UNION ALL
            SELECT sql
            FROM sqlite_temp_master
            WHERE name='index_users_on_email' AND type='index'

  [1m[36m (0.1ms)[0m  [1m            SELECT sql
            FROM sqlite_master
            WHERE name='index_videos_on_course_id' AND type='index'
            UNION ALL
            SELECT sql
            FROM sqlite_temp_master
            WHERE name='index_videos_on_course_id' AND type='index'
[0m


Started GET "/" for 127.0.0.1 at 2015-08-17 22:12:50 +0700
  [1m[36mActiveRecord::SchemaMigration Load (0.2ms)[0m  [1mSELECT "schema_migrations".* FROM "schema_migrations"[0m
Processing by HomeController#index as HTML
  Rendered home/index.html.erb within layouts/application (1.6ms)
  Rendered layouts/_nav.html.erb (5.2ms)
  Rendered layouts/_foot.html.erb (0.3ms)
Completed 200 OK in 857ms (Views: 845.1ms | ActiveRecord: 0.0ms)


Started GET "/" for 127.0.0.1 at 2015-08-17 22:12:51 +0700
Processing by HomeController#index as HTML
  Rendered home/index.html.erb within layouts/application (0.0ms)
  Rendered layouts/_nav.html.erb (0.5ms)
  Rendered layouts/_foot.html.erb (0.0ms)
Completed 200 OK in 135ms (Views: 134.3ms | ActiveRecord: 0.0ms)


Started GET "/assets/jquery.turbolinks.self-176b9819f30444d441e820bbccd3264fe57753aeafd54dec732b0dbc77129a2a.js?body=1" for 127.0.0.1 at 2015-08-17 22:12:51 +0700


Started GET "/assets/application.self-85887479625271e91df70e1fc56b650d14f42160636f96f24a3eb0582d637e77.js?body=1" for 127.0.0.1 at 2015-08-17 22:12:51 +0700


Started GET "/users/sign_in" for 127.0.0.1 at 2015-08-17 22:13:02 +0700
Processing by Devise::SessionsController#new as HTML
  Rendered users/shared/_links.html.erb (1.2ms)
  Rendered users/sessions/new.html.erb within layouts/application (47.0ms)
  Rendered layouts/_nav.html.erb (0.5ms)
  Rendered layouts/_foot.html.erb (0.1ms)
Completed 200 OK in 195ms (Views: 182.7ms | ActiveRecord: 0.4ms)


Started POST "/users/sign_in" for 127.0.0.1 at 2015-08-17 22:13:04 +0700
Processing by Devise::SessionsController#create as HTML
  Parameters: {"utf8"=>"✓", "authenticity_token"=>"O4jmCxRkQr4EzhNYrzWmlNQMm9OKr6bFmRgl6kXEgM3jZB3oDYlco0KgJpTyRG1B6t89MDyPsCnPIEYJC3HbhA==", "user"=>{"email"=>"student@test.com", "password"=>"[FILTERED]", "remember_me"=>"0"}, "commit"=>"Log In"}
  [1m[35mUser Load (0.3ms)[0m  SELECT  "users".* FROM "users" WHERE "users"."email" = ?  ORDER BY "users"."id" ASC LIMIT 1  [["email", "student@test.com"]]
Completed 401 Unauthorized in 25ms (ActiveRecord: 0.3ms)
Processing by Devise::SessionsController#new as HTML
  Parameters: {"utf8"=>"✓", "authenticity_token"=>"O4jmCxRkQr4EzhNYrzWmlNQMm9OKr6bFmRgl6kXEgM3jZB3oDYlco0KgJpTyRG1B6t89MDyPsCnPIEYJC3HbhA==", "user"=>{"email"=>"student@test.com", "password"=>"[FILTERED]", "remember_me"=>"0"}, "commit"=>"Log In"}
  Rendered users/shared/_links.html.erb (0.3ms)
  Rendered users/sessions/new.html.erb within layouts/application (2.3ms)
  Rendered layouts/_nav.html.erb (0.3ms)
  Rendered layouts/_foot.html.erb (0.0ms)
Completed 200 OK in 232ms (Views: 144.1ms | ActiveRecord: 0.0ms)


Started GET "/users/sign_up" for 127.0.0.1 at 2015-08-17 22:13:06 +0700
Processing by Devise::RegistrationsController#new as HTML
  Rendered users/shared/_links.html.erb (0.6ms)
  Rendered users/registrations/new.html.erb within layouts/application (6.5ms)
  Rendered layouts/_nav.html.erb (0.4ms)
  Rendered layouts/_foot.html.erb (0.0ms)
Completed 200 OK in 187ms (Views: 185.5ms | ActiveRecord: 0.0ms)


Started POST "/users" for 127.0.0.1 at 2015-08-17 22:13:23 +0700
Processing by Devise::RegistrationsController#create as HTML
  Parameters: {"utf8"=>"✓", "authenticity_token"=>"jer7u8LZTLf0Lel/5fKDJpGZhq59lGacCjevKsAPmidVBgBY2zRSqrJD3LO4g0jzr0ogTcu0cHBcD8zJjrrBbg==", "user"=>{"name"=>"colin", "email"=>"test@gmail.com", "password"=>"[FILTERED]", "password_confirmation"=>"[FILTERED]", "role"=>"student"}, "commit"=>"Sign up"}
Unpermitted parameter: password_confirmation
  [1m[36m (0.1ms)[0m  [1mbegin transaction[0m
  [1m[35mUser Exists (0.1ms)[0m  SELECT  1 AS one FROM "users" WHERE "users"."email" = 'test@gmail.com' LIMIT 1
  [1m[36mSQL (0.3ms)[0m  [1mINSERT INTO "users" ("name", "email", "encrypted_password", "created_at", "updated_at") VALUES (?, ?, ?, ?, ?)[0m  [["name", "colin"], ["email", "test@gmail.com"], ["encrypted_password", "$2a$10$Hxpvn0dlJ8nfkb8wBUuVSOSDGWTzQj1WdAER.P4I1Gbx6BtC38XS2"], ["created_at", "2015-08-17 15:13:24.099803"], ["updated_at", "2015-08-17 15:13:24.099803"]]
  [1m[35m (131.6ms)[0m  commit transaction
  [1m[36m (0.1ms)[0m  [1mbegin transaction[0m
  [1m[35mSQL (0.2ms)[0m  UPDATE "users" SET "last_sign_in_at" = ?, "current_sign_in_at" = ?, "last_sign_in_ip" = ?, "current_sign_in_ip" = ?, "sign_in_count" = ?, "updated_at" = ? WHERE "users"."id" = ?  [["last_sign_in_at", "2015-08-17 15:13:24.234484"], ["current_sign_in_at", "2015-08-17 15:13:24.234484"], ["last_sign_in_ip", "127.0.0.1"], ["current_sign_in_ip", "127.0.0.1"], ["sign_in_count", 1], ["updated_at", "2015-08-17 15:13:24.235338"], ["id", 1]]
  [1m[36m (95.8ms)[0m  [1mcommit transaction[0m
Redirected to http://localhost:3000/courses
Completed 302 Found in 348ms (ActiveRecord: 228.2ms)


Started GET "/courses" for 127.0.0.1 at 2015-08-17 22:13:24 +0700
Processing by CoursesController#index as HTML
  [1m[35mUser Load (0.3ms)[0m  SELECT  "users".* FROM "users" WHERE "users"."id" = ?  ORDER BY "users"."id" ASC LIMIT 1  [["id", 1]]
  [1m[36mCourse Load (0.1ms)[0m  [1mSELECT "courses".* FROM "courses"[0m
  Rendered courses/index.html.erb within layouts/application (4.5ms)
  Rendered layouts/_nav.html.erb (0.4ms)
  Rendered layouts/_foot.html.erb (0.1ms)
Completed 200 OK in 187ms (Views: 177.6ms | ActiveRecord: 0.5ms)


Started GET "/courses" for 127.0.0.1 at 2015-08-17 22:13:28 +0700
Processing by CoursesController#index as HTML
  [1m[35mUser Load (0.1ms)[0m  SELECT  "users".* FROM "users" WHERE "users"."id" = ?  ORDER BY "users"."id" ASC LIMIT 1  [["id", 1]]
  [1m[36mCourse Load (0.1ms)[0m  [1mSELECT "courses".* FROM "courses"[0m
  Rendered courses/index.html.erb within layouts/application (1.8ms)
  Rendered layouts/_nav.html.erb (0.3ms)
  Rendered layouts/_foot.html.erb (0.0ms)
Completed 200 OK in 121ms (Views: 120.3ms | ActiveRecord: 0.2ms)


Started GET "/conversations" for 127.0.0.1 at 2015-08-17 22:13:28 +0700
Processing by ConversationsController#index as HTML
  [1m[35mUser Load (0.1ms)[0m  SELECT  "users".* FROM "users" WHERE "users"."id" = ?  ORDER BY "users"."id" ASC LIMIT 1  [["id", 1]]
  [1m[36mMailboxer::Conversation Load (0.2ms)[0m  [1mSELECT  DISTINCT "mailboxer_conversations".* FROM "mailboxer_conversations" INNER JOIN "mailboxer_notifications" ON "mailboxer_notifications"."conversation_id" = "mailboxer_conversations"."id" AND "mailboxer_notifications"."type" IN ('Mailboxer::Message') INNER JOIN "mailboxer_receipts" ON "mailboxer_receipts"."notification_id" = "mailboxer_notifications"."id" WHERE "mailboxer_notifications"."type" = 'Mailboxer::Message' AND "mailboxer_receipts"."receiver_id" = ? AND "mailboxer_receipts"."receiver_type" = ? AND "mailboxer_receipts"."mailbox_type" = ? AND "mailboxer_receipts"."trashed" = 'f' AND "mailboxer_receipts"."deleted" = 'f'  ORDER BY mailboxer_conversations.updated_at DESC LIMIT 10 OFFSET 0[0m  [["receiver_id", 1], ["receiver_type", "User"], ["mailbox_type", "inbox"]]
  Rendered conversations/_conversation.html.erb (0.0ms)
  Rendered conversations/index.html.erb within layouts/application (22.0ms)
  Rendered layouts/_nav.html.erb (0.6ms)
  Rendered layouts/_foot.html.erb (0.1ms)
Completed 200 OK in 267ms (Views: 169.0ms | ActiveRecord: 1.0ms)


Started GET "/users/edit" for 127.0.0.1 at 2015-08-17 22:13:30 +0700
Processing by Devise::RegistrationsController#edit as HTML
  [1m[35mUser Load (0.1ms)[0m  SELECT  "users".* FROM "users" WHERE "users"."id" = ?  ORDER BY "users"."id" ASC LIMIT 1  [["id", 1]]
  Rendered users/registrations/edit.html.erb within layouts/application (11.8ms)
  Rendered layouts/_nav.html.erb (0.3ms)
  Rendered layouts/_foot.html.erb (0.0ms)
Completed 200 OK in 195ms (Views: 193.0ms | ActiveRecord: 0.1ms)


Started DELETE "/users/sign_out" for 127.0.0.1 at 2015-08-17 22:13:33 +0700
Processing by Devise::SessionsController#destroy as HTML
  Parameters: {"authenticity_token"=>"Sp3l1j7GPxM3i1EtRANcDACUN+Ke0k+OCHazYTIKGjqScR41JyshDnHlZOEZcpfZPkeRASjyWWJeTtCCfL9Bcw=="}
  [1m[36mUser Load (0.2ms)[0m  [1mSELECT  "users".* FROM "users" WHERE "users"."id" = ?  ORDER BY "users"."id" ASC LIMIT 1[0m  [["id", 1]]
  [1m[35m (0.3ms)[0m  begin transaction
  [1m[36m (0.2ms)[0m  [1mcommit transaction[0m
Redirected to http://localhost:3000/
Completed 302 Found in 9ms (ActiveRecord: 0.7ms)


Started GET "/" for 127.0.0.1 at 2015-08-17 22:13:33 +0700
Processing by HomeController#index as HTML
  Rendered home/index.html.erb within layouts/application (0.1ms)
  Rendered layouts/_nav.html.erb (0.7ms)
  Rendered layouts/_foot.html.erb (0.0ms)
Completed 200 OK in 153ms (Views: 152.2ms | ActiveRecord: 0.0ms)
